c:\users\paul\source\repos\dashfaction\bin\launcher\dashfactionlauncher.dir\debug\vc143.pdb
c:\users\paul\source\repos\dashfaction\bin\launcher\dashfactionlauncher.dir\debug\stdafx.obj
c:\users\paul\source\repos\dashfaction\bin\launcher\dashfactionlauncher.dir\debug\optionsdlg.obj
c:\users\paul\source\repos\dashfaction\bin\launcher\dashfactionlauncher.dir\debug\maindlg.obj
c:\users\paul\source\repos\dashfaction\bin\launcher\dashfactionlauncher.dir\debug\main.obj
c:\users\paul\source\repos\dashfaction\bin\launcher\dashfactionlauncher.dir\debug\launcherapp.obj
c:\users\paul\source\repos\dashfaction\bin\launcher\dashfactionlauncher.dir\debug\aboutdlg.obj
c:\users\paul\source\repos\dashfaction\bin\launcher\cmakefiles\generate.stamp
c:\users\paul\source\repos\dashfaction\bin\bin\debug\dashfactionlauncher.exe
c:\users\paul\source\repos\dashfaction\bin\launcher\dashfactionlauncher.dir\debug\dashfactionlauncher.ilk
c:\users\paul\source\repos\dashfaction\bin\bin\debug\dashfactionlauncher.pdb
c:\users\paul\source\repos\dashfaction\bin\launcher\dashfactionlauncher.dir\debug\dashfactionlauncher.res
c:\users\paul\source\repos\dashfaction\bin\launcher\dashfactionlauncher.dir\debug\dashfact.6da081be.tlog\cl.command.1.tlog
c:\users\paul\source\repos\dashfaction\bin\launcher\dashfactionlauncher.dir\debug\dashfact.6da081be.tlog\cl.items.tlog
c:\users\paul\source\repos\dashfaction\bin\launcher\dashfactionlauncher.dir\debug\dashfact.6da081be.tlog\cl.read.1.tlog
c:\users\paul\source\repos\dashfaction\bin\launcher\dashfactionlauncher.dir\debug\dashfact.6da081be.tlog\cl.write.1.tlog
c:\users\paul\source\repos\dashfaction\bin\launcher\dashfactionlauncher.dir\debug\dashfact.6da081be.tlog\custombuild.command.1.tlog
c:\users\paul\source\repos\dashfaction\bin\launcher\dashfactionlauncher.dir\debug\dashfact.6da081be.tlog\custombuild.read.1.tlog
c:\users\paul\source\repos\dashfaction\bin\launcher\dashfactionlauncher.dir\debug\dashfact.6da081be.tlog\custombuild.write.1.tlog
c:\users\paul\source\repos\dashfaction\bin\launcher\dashfactionlauncher.dir\debug\dashfact.6da081be.tlog\link.command.1.tlog
c:\users\paul\source\repos\dashfaction\bin\launcher\dashfactionlauncher.dir\debug\dashfact.6da081be.tlog\link.read.1.tlog
c:\users\paul\source\repos\dashfaction\bin\launcher\dashfactionlauncher.dir\debug\dashfact.6da081be.tlog\link.write.1.tlog
c:\users\paul\source\repos\dashfaction\bin\launcher\dashfactionlauncher.dir\debug\dashfact.6da081be.tlog\rc.command.1.tlog
c:\users\paul\source\repos\dashfaction\bin\launcher\dashfactionlauncher.dir\debug\dashfact.6da081be.tlog\rc.read.1.tlog
c:\users\paul\source\repos\dashfaction\bin\launcher\dashfactionlauncher.dir\debug\dashfact.6da081be.tlog\rc.write.1.tlog
