c:\users\paul\source\repos\dashfaction\bin\game_patch\dashfaction.dir\debug\vc143.pdb
c:\users\paul\source\repos\dashfaction\bin\game_patch\dashfaction.dir\debug\multi_spectate.obj
c:\users\paul\source\repos\dashfaction\bin\game_patch\dashfaction.dir\debug\multi_scoreboard.obj
c:\users\paul\source\repos\dashfaction\bin\game_patch\dashfaction.dir\debug\hud.obj
c:\users\paul\source\repos\dashfaction\bin\game_patch\dashfaction.dir\debug\hud_weapons.obj
c:\users\paul\source\repos\dashfaction\bin\game_patch\dashfaction.dir\debug\hud_status.obj
c:\users\paul\source\repos\dashfaction\bin\game_patch\dashfaction.dir\debug\hud_personas.obj
c:\users\paul\source\repos\dashfaction\bin\game_patch\dashfaction.dir\debug\key.obj
c:\users\paul\source\repos\dashfaction\bin\game_patch\dashfaction.dir\debug\mouse.obj
c:\users\paul\source\repos\dashfaction\bin\game_patch\dashfaction.dir\debug\gr_d3d_gamma.obj
c:\users\paul\source\repos\dashfaction\bin\game_patch\dashfaction.dir\debug\gr_d3d_capture.obj
c:\users\paul\source\repos\dashfaction\bin\game_patch\dashfaction.dir\debug\gr_d3d_texture.obj
c:\users\paul\source\repos\dashfaction\bin\game_patch\dashfaction.dir\debug\gr_d3d.obj
c:\users\paul\source\repos\dashfaction\bin\game_patch\dashfaction.dir\debug\gr_light.obj
c:\users\paul\source\repos\dashfaction\bin\game_patch\dashfaction.dir\debug\gr.obj
c:\users\paul\source\repos\dashfaction\bin\game_patch\dashfaction.dir\debug\gr_font.obj
c:\users\paul\source\repos\dashfaction\bin\game_patch\dashfaction.dir\debug\bink.obj
c:\users\paul\source\repos\dashfaction\bin\game_patch\dashfaction.dir\debug\fmt_conv.obj
c:\users\paul\source\repos\dashfaction\bin\game_patch\dashfaction.dir\debug\bmpman.obj
c:\users\paul\source\repos\dashfaction\bin\game_patch\dashfaction.dir\debug\dds.obj
c:\users\paul\source\repos\dashfaction\bin\game_patch\dashfaction.dir\debug\main.obj
c:\users\paul\source\repos\dashfaction\bin\game_patch\dashfaction.dir\debug\autocomplete.obj
c:\users\paul\source\repos\dashfaction\bin\game_patch\dashfaction.dir\debug\console.obj
c:\users\paul\source\repos\dashfaction\bin\game_patch\dashfaction.dir\debug\faction_files.obj
c:\users\paul\source\repos\dashfaction\bin\game_patch\dashfaction.dir\debug\multi_tdm.obj
c:\users\paul\source\repos\dashfaction\bin\game_patch\dashfaction.dir\debug\votes.obj
c:\users\paul\source\repos\dashfaction\bin\game_patch\dashfaction.dir\debug\server.obj
c:\users\paul\source\repos\dashfaction\bin\game_patch\dashfaction.dir\debug\level_download.obj
c:\users\paul\source\repos\dashfaction\bin\game_patch\dashfaction.dir\debug\network.obj
c:\users\paul\source\repos\dashfaction\bin\game_patch\dashfaction.dir\debug\kill.obj
c:\users\paul\source\repos\dashfaction\bin\game_patch\dashfaction.dir\debug\multi.obj
c:\users\paul\source\repos\dashfaction\bin\game_patch\dashfaction.dir\debug\unresponsive.obj
c:\users\paul\source\repos\dashfaction\bin\game_patch\dashfaction.dir\debug\profiler.obj
c:\users\paul\source\repos\dashfaction\bin\game_patch\dashfaction.dir\debug\obj_debug.obj
c:\users\paul\source\repos\dashfaction\bin\game_patch\dashfaction.dir\debug\debug.obj
c:\users\paul\source\repos\dashfaction\bin\game_patch\dashfaction.dir\debug\debug_cmd.obj
c:\users\paul\source\repos\dashfaction\bin\game_patch\dashfaction.dir\debug\debugwinmsg.obj
c:\users\paul\source\repos\dashfaction\bin\game_patch\dashfaction.dir\debug\message_log.obj
c:\users\paul\source\repos\dashfaction\bin\game_patch\dashfaction.dir\debug\weapon_select.obj
c:\users\paul\source\repos\dashfaction\bin\game_patch\dashfaction.dir\debug\multi_hud_chat.obj
c:\users\paul\source\repos\dashfaction\bin\game_patch\dashfaction.dir\debug\multi_hud.obj
c:\users\paul\source\repos\dashfaction\bin\game_patch\dashfaction.dir\debug\save_restore.obj
c:\users\paul\source\repos\dashfaction\bin\game_patch\dashfaction.dir\debug\vpackfile.obj
c:\users\paul\source\repos\dashfaction\bin\game_patch\dashfaction.dir\debug\misc.obj
c:\users\paul\source\repos\dashfaction\bin\game_patch\dashfaction.dir\debug\high_fps.obj
c:\users\paul\source\repos\dashfaction\bin\game_patch\dashfaction.dir\debug\character.obj
c:\users\paul\source\repos\dashfaction\bin\game_patch\dashfaction.dir\debug\obj_light.obj
c:\users\paul\source\repos\dashfaction\bin\game_patch\dashfaction.dir\debug\particle.obj
c:\users\paul\source\repos\dashfaction\bin\game_patch\dashfaction.dir\debug\monitor.obj
c:\users\paul\source\repos\dashfaction\bin\game_patch\dashfaction.dir\debug\object.obj
c:\users\paul\source\repos\dashfaction\bin\game_patch\dashfaction.dir\debug\glare.obj
c:\users\paul\source\repos\dashfaction\bin\game_patch\dashfaction.dir\debug\cutscene.obj
c:\users\paul\source\repos\dashfaction\bin\game_patch\dashfaction.dir\debug\weapon.obj
c:\users\paul\source\repos\dashfaction\bin\game_patch\dashfaction.dir\debug\trigger.obj
c:\users\paul\source\repos\dashfaction\bin\game_patch\dashfaction.dir\debug\event.obj
c:\users\paul\source\repos\dashfaction\bin\game_patch\dashfaction.dir\debug\item.obj
c:\users\paul\source\repos\dashfaction\bin\game_patch\dashfaction.dir\debug\entity.obj
c:\users\paul\source\repos\dashfaction\bin\game_patch\dashfaction.dir\debug\os.obj
c:\users\paul\source\repos\dashfaction\bin\game_patch\dashfaction.dir\debug\win32_console.obj
c:\users\paul\source\repos\dashfaction\bin\game_patch\dashfaction.dir\debug\timer.obj
c:\users\paul\source\repos\dashfaction\bin\game_patch\dashfaction.dir\debug\frametime.obj
c:\users\paul\source\repos\dashfaction\bin\game_patch\dashfaction.dir\debug\sound_ds.obj
c:\users\paul\source\repos\dashfaction\bin\game_patch\dashfaction.dir\debug\sound.obj
c:\users\paul\source\repos\dashfaction\bin\game_patch\dashfaction.dir\debug\game.obj
c:\users\paul\source\repos\dashfaction\bin\game_patch\dashfaction.dir\debug\ui.obj
c:\users\paul\source\repos\dashfaction\bin\game_patch\dashfaction.dir\debug\camera.obj
c:\users\paul\source\repos\dashfaction\bin\game_patch\dashfaction.dir\debug\g_solid.obj
c:\users\paul\source\repos\dashfaction\bin\game_patch\dashfaction.dir\debug\player_fpgun.obj
c:\users\paul\source\repos\dashfaction\bin\game_patch\dashfaction.dir\debug\player.obj
c:\users\paul\source\repos\dashfaction\bin\game_patch\dashfaction.dir\debug\main_menu.obj
c:\users\paul\source\repos\dashfaction\bin\game_patch\dashfaction.dir\debug\multi\commands.cpp.obj
c:\users\paul\source\repos\dashfaction\bin\game_patch\dashfaction.dir\debug\os\commands.cpp.obj
c:\users\paul\source\repos\dashfaction\bin\game_patch\cmakefiles\generate.stamp
c:\users\paul\source\repos\dashfaction\bin\game_patch\debug\dashfaction.lib
c:\users\paul\source\repos\dashfaction\bin\game_patch\debug\dashfaction.exp
c:\users\paul\source\repos\dashfaction\bin\bin\debug\dashfaction.dll
c:\users\paul\source\repos\dashfaction\bin\game_patch\dashfaction.dir\debug\dashfaction.ilk
c:\users\paul\source\repos\dashfaction\bin\bin\debug\dashfaction.pdb
c:\users\paul\source\repos\dashfaction\bin\game_patch\dashfaction.dir\debug\resources.res
c:\users\paul\source\repos\dashfaction\bin\game_patch\dashfaction.dir\debug\dashfaction.tlog\cl.command.1.tlog
c:\users\paul\source\repos\dashfaction\bin\game_patch\dashfaction.dir\debug\dashfaction.tlog\cl.items.tlog
c:\users\paul\source\repos\dashfaction\bin\game_patch\dashfaction.dir\debug\dashfaction.tlog\cl.read.1.tlog
c:\users\paul\source\repos\dashfaction\bin\game_patch\dashfaction.dir\debug\dashfaction.tlog\cl.write.1.tlog
c:\users\paul\source\repos\dashfaction\bin\game_patch\dashfaction.dir\debug\dashfaction.tlog\custombuild.command.1.tlog
c:\users\paul\source\repos\dashfaction\bin\game_patch\dashfaction.dir\debug\dashfaction.tlog\custombuild.read.1.tlog
c:\users\paul\source\repos\dashfaction\bin\game_patch\dashfaction.dir\debug\dashfaction.tlog\custombuild.write.1.tlog
c:\users\paul\source\repos\dashfaction\bin\game_patch\dashfaction.dir\debug\dashfaction.tlog\link.command.1.tlog
c:\users\paul\source\repos\dashfaction\bin\game_patch\dashfaction.dir\debug\dashfaction.tlog\link.read.1.tlog
c:\users\paul\source\repos\dashfaction\bin\game_patch\dashfaction.dir\debug\dashfaction.tlog\link.write.1.tlog
c:\users\paul\source\repos\dashfaction\bin\game_patch\dashfaction.dir\debug\dashfaction.tlog\link.write.2u.tlog
c:\users\paul\source\repos\dashfaction\bin\game_patch\dashfaction.dir\debug\dashfaction.tlog\rc.command.1.tlog
c:\users\paul\source\repos\dashfaction\bin\game_patch\dashfaction.dir\debug\dashfaction.tlog\rc.read.1.tlog
c:\users\paul\source\repos\dashfaction\bin\game_patch\dashfaction.dir\debug\dashfaction.tlog\rc.write.1.tlog
