c:\users\paul\source\repos\dashfaction\bin\cmakefiles\generate.stamp
c:\users\paul\source\repos\dashfaction\bin\vendor\cmakefiles\generate.stamp
c:\users\paul\source\repos\dashfaction\bin\vendor\unrar\cmakefiles\generate.stamp
c:\users\paul\source\repos\dashfaction\bin\vendor\zlib\cmakefiles\generate.stamp
c:\users\paul\source\repos\dashfaction\bin\vendor\zlib\contrib\cmakefiles\generate.stamp
c:\users\paul\source\repos\dashfaction\bin\vendor\zlib\contrib\minizip\cmakefiles\generate.stamp
c:\users\paul\source\repos\dashfaction\bin\vendor\subhook\cmakefiles\generate.stamp
c:\users\paul\source\repos\dashfaction\bin\vendor\xxhash\cmakefiles\generate.stamp
c:\users\paul\source\repos\dashfaction\bin\vendor\minibsdiff\cmakefiles\generate.stamp
c:\users\paul\source\repos\dashfaction\bin\vendor\freetype\cmakefiles\generate.stamp
c:\users\paul\source\repos\dashfaction\bin\vendor\d3d8to9\cmakefiles\generate.stamp
c:\users\paul\source\repos\dashfaction\bin\vendor\sha1\cmakefiles\generate.stamp
c:\users\paul\source\repos\dashfaction\bin\vendor\ed25519\cmakefiles\generate.stamp
c:\users\paul\source\repos\dashfaction\bin\vendor\base64\cmakefiles\generate.stamp
c:\users\paul\source\repos\dashfaction\bin\launcher_common\cmakefiles\generate.stamp
c:\users\paul\source\repos\dashfaction\bin\launcher\cmakefiles\generate.stamp
c:\users\paul\source\repos\dashfaction\bin\common\cmakefiles\generate.stamp
c:\users\paul\source\repos\dashfaction\bin\game_patch\cmakefiles\generate.stamp
c:\users\paul\source\repos\dashfaction\bin\editor_patch\cmakefiles\generate.stamp
c:\users\paul\source\repos\dashfaction\bin\patch_common\cmakefiles\generate.stamp
c:\users\paul\source\repos\dashfaction\bin\xlog\cmakefiles\generate.stamp
c:\users\paul\source\repos\dashfaction\bin\crash_handler\cmakefiles\generate.stamp
c:\users\paul\source\repos\dashfaction\bin\crash_handler_stub\cmakefiles\generate.stamp
c:\users\paul\source\repos\dashfaction\bin\resources\cmakefiles\generate.stamp
c:\users\paul\source\repos\dashfaction\bin\win32\debug\zero_check\zero_check.tlog\custombuild.command.1.tlog
c:\users\paul\source\repos\dashfaction\bin\win32\debug\zero_check\zero_check.tlog\custombuild.read.1.tlog
c:\users\paul\source\repos\dashfaction\bin\win32\debug\zero_check\zero_check.tlog\custombuild.write.1.tlog
