c:\users\paul\source\repos\dashfaction\bin\crash_handler\crashhandler.dir\debug\vc143.pdb
c:\users\paul\source\repos\dashfaction\bin\crash_handler\crashhandler.dir\debug\minidumphelper.obj
c:\users\paul\source\repos\dashfaction\bin\crash_handler\crashhandler.dir\debug\maindlg.obj
c:\users\paul\source\repos\dashfaction\bin\crash_handler\crashhandler.dir\debug\crashreportapp.obj
c:\users\paul\source\repos\dashfaction\bin\crash_handler\crashhandler.dir\debug\main.obj
c:\users\paul\source\repos\dashfaction\bin\crash_handler\cmakefiles\generate.stamp
c:\users\paul\source\repos\dashfaction\bin\bin\debug\crashhandler.exe
c:\users\paul\source\repos\dashfaction\bin\crash_handler\crashhandler.dir\debug\crashhandler.ilk
c:\users\paul\source\repos\dashfaction\bin\bin\debug\crashhandler.pdb
c:\users\paul\source\repos\dashfaction\bin\crash_handler\crashhandler.dir\debug\resources.res
c:\users\paul\source\repos\dashfaction\bin\crash_handler\crashhandler.dir\debug\resources2.res
c:\users\paul\source\repos\dashfaction\bin\crash_handler\crashhandler.dir\debug\crashhandler.tlog\cl.command.1.tlog
c:\users\paul\source\repos\dashfaction\bin\crash_handler\crashhandler.dir\debug\crashhandler.tlog\cl.items.tlog
c:\users\paul\source\repos\dashfaction\bin\crash_handler\crashhandler.dir\debug\crashhandler.tlog\cl.read.1.tlog
c:\users\paul\source\repos\dashfaction\bin\crash_handler\crashhandler.dir\debug\crashhandler.tlog\cl.write.1.tlog
c:\users\paul\source\repos\dashfaction\bin\crash_handler\crashhandler.dir\debug\crashhandler.tlog\custombuild.command.1.tlog
c:\users\paul\source\repos\dashfaction\bin\crash_handler\crashhandler.dir\debug\crashhandler.tlog\custombuild.read.1.tlog
c:\users\paul\source\repos\dashfaction\bin\crash_handler\crashhandler.dir\debug\crashhandler.tlog\custombuild.write.1.tlog
c:\users\paul\source\repos\dashfaction\bin\crash_handler\crashhandler.dir\debug\crashhandler.tlog\link.command.1.tlog
c:\users\paul\source\repos\dashfaction\bin\crash_handler\crashhandler.dir\debug\crashhandler.tlog\link.read.1.tlog
c:\users\paul\source\repos\dashfaction\bin\crash_handler\crashhandler.dir\debug\crashhandler.tlog\link.write.1.tlog
c:\users\paul\source\repos\dashfaction\bin\crash_handler\crashhandler.dir\debug\crashhandler.tlog\rc.command.1.tlog
c:\users\paul\source\repos\dashfaction\bin\crash_handler\crashhandler.dir\debug\crashhandler.tlog\rc.read.1.tlog
c:\users\paul\source\repos\dashfaction\bin\crash_handler\crashhandler.dir\debug\crashhandler.tlog\rc.write.1.tlog
