c:\users\paul\source\repos\dashfaction\bin\editor_patch\dasheditor.dir\debug\vc143.pdb
c:\users\paul\source\repos\dashfaction\bin\editor_patch\dasheditor.dir\debug\trigger.obj
c:\users\paul\source\repos\dashfaction\bin\editor_patch\dasheditor.dir\debug\main.obj
c:\users\paul\source\repos\dashfaction\bin\editor_patch\dasheditor.dir\debug\graphics.obj
c:\users\paul\source\repos\dashfaction\bin\editor_patch\cmakefiles\generate.stamp
c:\users\paul\source\repos\dashfaction\bin\editor_patch\debug\dasheditor.lib
c:\users\paul\source\repos\dashfaction\bin\editor_patch\debug\dasheditor.exp
c:\users\paul\source\repos\dashfaction\bin\bin\debug\dasheditor.dll
c:\users\paul\source\repos\dashfaction\bin\editor_patch\dasheditor.dir\debug\dasheditor.ilk
c:\users\paul\source\repos\dashfaction\bin\bin\debug\dasheditor.pdb
c:\users\paul\source\repos\dashfaction\bin\editor_patch\dasheditor.dir\debug\resources.res
c:\users\paul\source\repos\dashfaction\bin\editor_patch\dasheditor.dir\debug\dasheditor.tlog\cl.command.1.tlog
c:\users\paul\source\repos\dashfaction\bin\editor_patch\dasheditor.dir\debug\dasheditor.tlog\cl.items.tlog
c:\users\paul\source\repos\dashfaction\bin\editor_patch\dasheditor.dir\debug\dasheditor.tlog\cl.read.1.tlog
c:\users\paul\source\repos\dashfaction\bin\editor_patch\dasheditor.dir\debug\dasheditor.tlog\cl.write.1.tlog
c:\users\paul\source\repos\dashfaction\bin\editor_patch\dasheditor.dir\debug\dasheditor.tlog\custombuild.command.1.tlog
c:\users\paul\source\repos\dashfaction\bin\editor_patch\dasheditor.dir\debug\dasheditor.tlog\custombuild.read.1.tlog
c:\users\paul\source\repos\dashfaction\bin\editor_patch\dasheditor.dir\debug\dasheditor.tlog\custombuild.write.1.tlog
c:\users\paul\source\repos\dashfaction\bin\editor_patch\dasheditor.dir\debug\dasheditor.tlog\link.command.1.tlog
c:\users\paul\source\repos\dashfaction\bin\editor_patch\dasheditor.dir\debug\dasheditor.tlog\link.read.1.tlog
c:\users\paul\source\repos\dashfaction\bin\editor_patch\dasheditor.dir\debug\dasheditor.tlog\link.write.1.tlog
c:\users\paul\source\repos\dashfaction\bin\editor_patch\dasheditor.dir\debug\dasheditor.tlog\link.write.2u.tlog
c:\users\paul\source\repos\dashfaction\bin\editor_patch\dasheditor.dir\debug\dasheditor.tlog\rc.command.1.tlog
c:\users\paul\source\repos\dashfaction\bin\editor_patch\dasheditor.dir\debug\dasheditor.tlog\rc.read.1.tlog
c:\users\paul\source\repos\dashfaction\bin\editor_patch\dasheditor.dir\debug\dasheditor.tlog\rc.write.1.tlog
